#
# A fatal error has been detected by the Java Runtime Environment:
#
#  EXCEPTION_ACCESS_VIOLATION (0xc0000005) at pc=0x00007ffe8ba5c2d0, pid=24812, tid=12644
#
# JRE version: Java(TM) SE Runtime Environment (17.0.1+12) (build 17.0.1+12-LTS-39)
# Java VM: Java HotSpot(TM) 64-Bit Server VM (17.0.1+12-LTS-39, mixed mode, sharing, tiered, compressed oops, compressed class ptrs, g1 gc, windows-amd64)
# Problematic frame:
# C  [nvoglv64.dll+0x8ac2d0]
#
# No core dump will be written. Minidumps are not enabled by default on client versions of Windows
#
# If you would like to submit a bug report, please visit:
#   https://bugreport.java.com/bugreport/crash.jsp
# The crash happened outside the Java Virtual Machine in native code.
# See problematic frame for where to report the bug.
#

---------------  S U M M A R Y ------------

Command Line: -Dfile.encoding=windows-1252 -Duser.country=US -Duser.language=en -Duser.variant core.Main

Host: AMD Ryzen 7 1700 Eight-Core Processor          , 16 cores, 31G,  Windows 10 , 64 bit Build 19041 (10.0.19041.1466)
Time: Tue Feb  8 22:20:05 2022 Eastern Standard Time elapsed time: 0.753478 seconds (0d 0h 0m 0s)

---------------  T H R E A D  ---------------

Current thread (0x000001fdd522bbc0):  JavaThread "main" [_thread_in_native, id=12644, stack(0x000000fc8a800000,0x000000fc8a900000)]

Stack: [0x000000fc8a800000,0x000000fc8a900000],  sp=0x000000fc8a8ff360,  free space=1020k
Native frames: (J=compiled Java code, j=interpreted, Vv=VM code, C=native code)
C  [nvoglv64.dll+0x8ac2d0]

Java frames: (J=compiled Java code, j=interpreted, Vv=VM code)
j  org.lwjgl.opengl.GL11C.nglDrawElements(IIIJ)V+0
j  org.lwjgl.opengl.GL11C.glDrawElements(IIIJ)V+4
j  org.lwjgl.opengl.GL11.glDrawElements(IIIJ)V+4
j  ui.Render.render(Lengine/Window;)V+43
j  core.Chess.render(Lengine/Window;)V+5
j  engine.Engine.render()V+8
j  engine.Engine.loop()V+58
j  engine.Engine.run()V+5
j  core.Main.main([Ljava/lang/String;)V+26
v  ~StubRoutines::call_stub

siginfo: EXCEPTION_ACCESS_VIOLATION (0xc0000005), reading address 0x0000000000000000


Register to memory mapping:

RIP=0x00007ffe8ba5c2d0 nvoglv64.dll
RAX=0x0 is NULL
RBX=0x0 is NULL
RCX=0x0 is NULL
RDX=0x000001fd8a093c60 points into unknown readable memory: 0x0000000000000000 | 00 00 00 00 00 00 00 00
RSP=0x000000fc8a8ff360 is pointing into the stack for thread: 0x000001fdd522bbc0
RBP=0x000000000000004c is an unknown value
RSI=0x0000000000000008 is an unknown value
RDI=0x000001fdfe58f080 points into unknown readable memory: 0x0000000000000000 | 00 00 00 00 00 00 00 00
R8 =0x0000000000000008 is an unknown value
R9 =0x000001fd8a093c40 points into unknown readable memory: 0x0000000400026006 | 06 60 02 00 04 00 00 00
R10=0x000001fd8a093c58 points into unknown readable memory: 0x0000000000000000 | 00 00 00 00 00 00 00 00
R11=0x000000062078bc98 is an oop: java.lang.Class 
{0x000000062078bc98} - klass: 'java/lang/Class'
 - ---- fields (total size 116 words):
 - private volatile transient 'classRedefinedCount' 'I' @12  0
 - private volatile transient 'cachedConstructor' 'Ljava/lang/reflect/Constructor;' @40  NULL (0)
 - private transient 'name' 'Ljava/lang/String;' @44  "org.lwjgl.opengl.GL11C"{0x000000062078c048} (c40f1809)
 - private transient 'module' 'Ljava/lang/Module;' @48  a 'java/lang/Module'{0x0000000620866eb0} (c410cdd6)
 - private final 'classLoader' 'Ljava/lang/ClassLoader;' @52  a 'jdk/internal/loader/ClassLoaders$AppClassLoader'{0x0000000620866cf0} (c410cd9e)
 - private transient 'classData' 'Ljava/lang/Object;' @56  NULL (0)
 - private transient 'packageName' 'Ljava/lang/String;' @60  "org.lwjgl.opengl"{0x00000006205facd8} (c40bf59b)
 - private final 'componentType' 'Ljava/lang/Class;' @64  NULL (0)
 - private volatile transient 'reflectionData' 'Ljava/lang/ref/SoftReference;' @68  NULL (0)
 - private volatile transient 'genericInfo' 'Lsun/reflect/generics/repository/ClassRepository;' @72  NULL (0)
 - private volatile transient 'enumConstants' '[Ljava/lang/Object;' @76  NULL (0)
 - private volatile transient 'enumConstantDirectory' 'Ljava/util/Map;' @80  NULL (0)
 - private volatile transient 'annotationData' 'Ljava/lang/Class$AnnotationData;' @84  NULL (0)
 - private volatile transient 'annotationType' 'Lsun/reflect/annotation/AnnotationType;' @88  NULL (0)
 - transient 'classValueMap' 'Ljava/lang/ClassValue$ClassValueMap;' @92  NULL (0)
 - signature: Lorg/lwjgl/opengl/GL11C;
 - fake entry for mirror: 'org/lwjgl/opengl/GL11C'
 - fake entry for array: NULL
 - fake entry for oop_size: 116
 - fake entry for static_oop_field_count: 0
 - public static final 'GL_NEVER' 'I' @112  512 (200)
 - public static final 'GL_LESS' 'I' @116  513 (201)
 - public static final 'GL_EQUAL' 'I' @120  514 (202)
 - public static final 'GL_LEQUAL' 'I' @124  515 (203)
 - public static final 'GL_GREATER' 'I' @128  516 (204)
 - public static final 'GL_NOTEQUAL' 'I' @132  517 (205)
 - public static final 'GL_GEQUAL' 'I' @136  518 (206)
 - public static final 'GL_ALWAYS' 'I' @140  519 (207)
 - public static final 'GL_DEPTH_BUFFER_BIT' 'I' @144  256 (100)
 - public static final 'GL_STENCIL_BUFFER_BIT' 'I' @148  1024 (400)
 - public static final 'GL_COLOR_BUFFER_BIT' 'I' @152  16384 (4000)
 - public static final 'GL_POINTS' 'I' @156  0
 - public static final 'GL_LINES' 'I' @160  1
 - public static final 'GL_LINE_LOOP' 'I' @164  2
 - public static final 'GL_LINE_STRIP' 'I' @168  3
 - public static final 'GL_TRIANGLES' 'I' @172  4
 - public static final 'GL_TRIANGLE_STRIP' 'I' @176  5
 - public static final 'GL_TRIANGLE_FAN' 'I' @180  6
 - public static final 'GL_QUADS' 'I' @184  7
 - public static final 'GL_ZERO' 'I' @188  0
 - public static final 'GL_ONE' 'I' @192  1
 - public static final 'GL_SRC_COLOR' 'I' @196  768 (300)
 - public static final 'GL_ONE_MINUS_SRC_COLOR' 'I' @200  769 (301)
 - public static final 'GL_SRC_ALPHA' 'I' @204  770 (302)
 - public static final 'GL_ONE_MINUS_SRC_ALPHA' 'I' @208  771 (303)
 - public static final 'GL_DST_ALPHA' 'I' @212  772 (304)
 - public static final 'GL_ONE_MINUS_DST_ALPHA' 'I' @216  773 (305)
 - public static final 'GL_DST_COLOR' 'I' @220  774 (306)
 - public static final 'GL_ONE_MINUS_DST_COLOR' 'I' @224  775 (307)
 - public static final 'GL_SRC_ALPHA_SATURATE' 'I' @228  776 (308)
 - public static final 'GL_TRUE' 'I' @232  1
 - public static final 'GL_FALSE' 'I' @236  0
 - public static final 'GL_BYTE' 'I' @240  5120 (1400)
 - public static final 'GL_UNSIGNED_BYTE' 'I' @244  5121 (1401)
 - public static final 'GL_SHORT' 'I' @248  5122 (1402)
 - public static final 'GL_UNSIGNED_SHORT' 'I' @252  5123 (1403)
 - public static final 'GL_INT' 'I' @256  5124 (1404)
 - public static final 'GL_UNSIGNED_INT' 'I' @260  5125 (1405)
 - public static final 'GL_FLOAT' 'I' @264  5126 (1406)
 - public static final 'GL_DOUBLE' 'I' @268  5130 (140a)
 - public static final 'GL_NONE' 'I' @272  0
 - public static final 'GL_FRONT_LEFT' 'I' @276  1024 (400)
 - public static final 'GL_FRONT_RIGHT' 'I' @280  1025 (401)
 - public static final 'GL_BACK_LEFT' 'I' @284  1026 (402)
 - public static final 'GL_BACK_RIGHT' 'I' @288  1027 (403)
 - public static final 'GL_FRONT' 'I' @292  1028 (404)
 - public static final 'GL_BACK' 'I' @296  1029 (405)
 - public static final 'GL_LEFT' 'I' @300  1030 (406)
 - public static final 'GL_RIGHT' 'I' @304  1031 (407)
 - public static final 'GL_FRONT_AND_BACK' 'I' @308  1032 (408)
 - public static final 'GL_NO_ERROR' 'I' @312  0
 - public static final 'GL_INVALID_ENUM' 'I' @316  1280 (500)
 - public static final 'GL_INVALID_VALUE' 'I' @320  1281 (501)
 - public static final 'GL_INVALID_OPERATION' 'I' @324  1282 (502)
 - public static final 'GL_STACK_OVERFLOW' 'I' @328  1283 (503)
 - public static final 'GL_STACK_UNDERFLOW' 'I' @332  1284 (504)
 - public static final 'GL_OUT_OF_MEMORY' 'I' @336  1285 (505)
 - public static final 'GL_CW' 'I' @340  2304 (900)
 - public static final 'GL_CCW' 'I' @344  2305 (901)
 - public static final 'GL_POINT_SIZE' 'I' @348  2833 (b11)
 - public static final 'GL_POINT_SIZE_RANGE' 'I' @352  2834 (b12)
 - public static final 'GL_POINT_SIZE_GRANULARITY' 'I' @356  2835 (b13)
 - public static final 'GL_LINE_SMOOTH' 'I' @360  2848 (b20)
 - public static final 'GL_LINE_WIDTH' 'I' @364  2849 (b21)
 - public static final 'GL_LINE_WIDTH_RANGE' 'I' @368  2850 (b22)
 - public static final 'GL_LINE_WIDTH_GRANULARITY' 'I' @372  2851 (b23)
 - public static final 'GL_POLYGON_MODE' 'I' @376  2880 (b40)
 - public static final 'GL_POLYGON_SMOOTH' 'I' @380  2881 (b41)
 - public static final 'GL_CULL_FACE' 'I' @384  2884 (b44)
 - public static final 'GL_CULL_FACE_MODE' 'I' @388  2885 (b45)
 - public static final 'GL_FRONT_FACE' 'I' @392  2886 (b46)
 - public static final 'GL_DEPTH_RANGE' 'I' @396  2928 (b70)
 - public static final 'GL_DEPTH_TEST' 'I' @400  2929 (b71)
 - public static final 'GL_DEPTH_WRITEMASK' 'I' @404  2930 (b72)
 - public static final 'GL_DEPTH_CLEAR_VALUE' 'I' @408  2931 (b73)
 - public static final 'GL_DEPTH_FUNC' 'I' @412  2932 (b74)
 - public static final 'GL_STENCIL_TEST' 'I' @416  2960 (b90)
 - public static final 'GL_STENCIL_CLEAR_VALUE' 'I' @420  2961 (b91)
 - public static final 'GL_STENCIL_FUNC' 'I' @424  2962 (b92)
 - public static final 'GL_STENCIL_VALUE_MASK' 'I' @428  2963 (b93)
 - public static final 'GL_STENCIL_FAIL' 'I' @432  2964 (b94)
 - public static final 'GL_STENCIL_PASS_DEPTH_FAIL' 'I' @436  2965 (b95)
 - public static final 'GL_STENCIL_PASS_DEPTH_PASS' 'I' @440  2966 (b96)
 - public static final 'GL_STENCIL_REF' 'I' @444  2967 (b97)
 - public static final 'GL_STENCIL_WRITEMASK' 'I' @448  2968 (b98)
 - public static final 'GL_VIEWPORT' 'I' @452  2978 (ba2)
 - public static final 'GL_DITHER' 'I' @456  3024 (bd0)
 - public static final 'GL_BLEND_DST' 'I' @460  3040 (be0)
 - public static final 'GL_BLEND_SRC' 'I' @464  3041 (be1)
 - public static final 'GL_BLEND' 'I' @468  3042 (be2)
 - public static final 'GL_LOGIC_OP_MODE' 'I' @472  3056 (bf0)
 - public static final 'GL_COLOR_LOGIC_OP' 'I' @476  3058 (bf2)
 - public static final 'GL_DRAW_BUFFER' 'I' @480  3073 (c01)
 - public static final 'GL_READ_BUFFER' 'I' @484  3074 (c02)
 - public static final 'GL_SCISSOR_BOX' 'I' @488  3088 (c10)
 - public static final 'GL_SCISSOR_TEST' 'I' @492  3089 (c11)
 - public static final 'GL_COLOR_CLEAR_VALUE' 'I' @496  3106 (c22)
 - public static final 'GL_COLOR_WRITEMASK' 'I' @500  3107 (c23)
 - public static final 'GL_DOUBLEBUFFER' 'I' @504  3122 (c32)
 - public static final 'GL_STEREO' 'I' @508  3123 (c33)
 - public static final 'GL_LINE_SMOOTH_HINT' 'I' @512  3154 (c52)
 - public static final 'GL_POLYGON_SMOOTH_HINT' 'I' @516  3155 (c53)
 - public static final 'GL_UNPACK_SWAP_BYTES' 'I' @520  3312 (cf0)
 - public static final 'GL_UNPACK_LSB_FIRST' 'I' @524  3313 (cf1)
 - public static final 'GL_UNPACK_ROW_LENGTH' 'I' @528  3314 (cf2)
 - public static final 'GL_UNPACK_SKIP_ROWS' 'I' @532  3315 (cf3)
 - public static final 'GL_UNPACK_SKIP_PIXELS' 'I' @536  3316 (cf4)
 - public static final 'GL_UNPACK_ALIGNMENT' 'I' @540  3317 (cf5)
 - public static final 'GL_PACK_SWAP_BYTES' 'I' @544  3328 (d00)
 - public static final 'GL_PACK_LSB_FIRST' 'I' @548  3329 (d01)
 - public static final 'GL_PACK_ROW_LENGTH' 'I' @552  3330 (d02)
 - public static final 'GL_PACK_SKIP_ROWS' 'I' @556  3331 (d03)
 - public static final 'GL_PACK_SKIP_PIXELS' 'I' @560  3332 (d04)
 - public static final 'GL_PACK_ALIGNMENT' 'I' @564  3333 (d05)
 - public static final 'GL_MAX_TEXTURE_SIZE' 'I' @568  3379 (d33)
 - public static final 'GL_MAX_VIEWPORT_DIMS' 'I' @572  3386 (d3a)
 - public static final 'GL_SUBPIXEL_BITS' 'I' @576  3408 (d50)
 - public static final 'GL_TEXTURE_1D' 'I' @580  3552 (de0)
 - public static final 'GL_TEXTURE_2D' 'I' @584  3553 (de1)
 - public static final 'GL_TEXTURE_WIDTH' 'I' @588  4096 (1000)
 - public static final 'GL_TEXTURE_HEIGHT' 'I' @592  4097 (1001)
 - public static final 'GL_TEXTURE_INTERNAL_FORMAT' 'I' @596  4099 (1003)
 - public static final 'GL_TEXTURE_BORDER_COLOR' 'I' @600  4100 (1004)
 - public static final 'GL_DONT_CARE' 'I' @604  4352 (1100)
 - public static final 'GL_FASTEST' 'I' @608  4353 (1101)
 - public static final 'GL_NICEST' 'I' @612  4354 (1102)
 - public static final 'GL_CLEAR' 'I' @616  5376 (1500)
 - public static final 'GL_AND' 'I' @620  5377 (1501)
 - public static final 'GL_AND_REVERSE' 'I' @624  5378 (1502)
 - public static final 'GL_COPY' 'I' @628  5379 (1503)
 - public static final 'GL_AND_INVERTED' 'I' @632  5380 (1504)
 - public static final 'GL_NOOP' 'I' @636  5381 (1505)
 - public static final 'GL_XOR' 'I' @640  5382 (1506)
 - public static final 'GL_OR' 'I' @644  5383 (1507)
 - public static final 'GL_NOR' 'I' @648  5384 (1508)
 - public static final 'GL_EQUIV' 'I' @652  5385 (1509)
 - public static final 'GL_INVERT' 'I' @656  5386 (150a)
 - public static final 'GL_OR_REVERSE' 'I' @660  5387 (150b)
 - public static final 'GL_COPY_INVERTED' 'I' @664  5388 (150c)
 - public static final 'GL_OR_INVERTED' 'I' @668  5389 (150d)
 - public static final 'GL_NAND' 'I' @672  5390 (150e)
 - public static final 'GL_SET' 'I' @676  5391 (150f)
 - public static final 'GL_TEXTURE' 'I' @680  5890 (1702)
 - public static final 'GL_COLOR' 'I' @684  6144 (1800)
 - public static final 'GL_DEPTH' 'I' @688  6145 (1801)
 - public static final 'GL_STENCIL' 'I' @692  6146 (1802)
 - public static final 'GL_STENCIL_INDEX' 'I' @696  6401 (1901)
 - public static final 'GL_DEPTH_COMPONENT' 'I' @700  6402 (1902)
 - public static final 'GL_RED' 'I' @704  6403 (1903)
 - public static final 'GL_GREEN' 'I' @708  6404 (1904)
 - public static final 'GL_BLUE' 'I' @712  6405 (1905)
 - public static final 'GL_ALPHA' 'I' @716  6406 (1906)
 - public static final 'GL_RGB' 'I' @720  6407 (1907)
 - public static final 'GL_RGBA' 'I' @724  6408 (1908)
 - public static final 'GL_POINT' 'I' @728  6912 (1b00)
 - public static final 'GL_LINE' 'I' @732  6913 (1b01)
 - public static final 'GL_FILL' 'I' @736  6914 (1b02)
 - public static final 'GL_KEEP' 'I' @740  7680 (1e00)
 - public static final 'GL_REPLACE' 'I' @744  7681 (1e01)
 - public static final 'GL_INCR' 'I' @748  7682 (1e02)
 - public static final 'GL_DECR' 'I' @752  7683 (1e03)
 - public static final 'GL_VENDOR' 'I' @756  7936 (1f00)
 - public static final 'GL_RENDERER' 'I' @760  7937 (1f01)
 - public static final 'GL_VERSION' 'I' @764  7938 (1f02)
 - public static final 'GL_EXTENSIONS' 'I' @768  7939 (1f03)
 - public static final 'GL_NEAREST' 'I' @772  9728 (2600)
 - public static final 'GL_LINEAR' 'I' @776  9729 (2601)
 - public static final 'GL_NEAREST_MIPMAP_NEAREST' 'I' @780  9984 (2700)
 - public static final 'GL_LINEAR_MIPMAP_NEAREST' 'I' @784  9985 (2701)
 - public static final 'GL_NEAREST_MIPMAP_LINEAR' 'I' @788  9986 (2702)
 - public static final 'GL_LINEAR_MIPMAP_LINEAR' 'I' @792  9987 (2703)
 - public static final 'GL_TEXTURE_MAG_FILTER' 'I' @796  10240 (2800)
 - public static final 'GL_TEXTURE_MIN_FILTER' 'I' @800  10241 (2801)
 - public static final 'GL_TEXTURE_WRAP_S' 'I' @804  10242 (2802)
 - public static final 'GL_TEXTURE_WRAP_T' 'I' @808  10243 (2803)
 - public static final 'GL_REPEAT' 'I' @812  10497 (2901)
 - public static final 'GL_POLYGON_OFFSET_FACTOR' 'I' @816  32824 (8038)
 - public static final 'GL_POLYGON_OFFSET_UNITS' 'I' @820  10752 (2a00)
 - public static final 'GL_POLYGON_OFFSET_POINT' 'I' @824  10753 (2a01)
 - public static final 'GL_POLYGON_OFFSET_LINE' 'I' @828  10754 (2a02)
 - public static final 'GL_POLYGON_OFFSET_FILL' 'I' @832  32823 (8037)
 - public static final 'GL_R3_G3_B2' 'I' @836  10768 (2a10)
 - public static final 'GL_RGB4' 'I' @840  32847 (804f)
 - public static final 'GL_RGB5' 'I' @844  32848 (8050)
 - public static final 'GL_RGB8' 'I' @848  32849 (8051)
 - public static final 'GL_RGB10' 'I' @852  32850 (8052)
 - public static final 'GL_RGB12' 'I' @856  32851 (8053)
 - public static final 'GL_RGB16' 'I' @860  32852 (8054)
 - public static final 'GL_RGBA2' 'I' @864  32853 (8055)
 - public static final 'GL_RGBA4' 'I' @868  32854 (8056)
 - public static final 'GL_RGB5_A1' 'I' @872  32855 (8057)
 - public static final 'GL_RGBA8' 'I' @876  32856 (8058)
 - public static final 'GL_RGB10_A2' 'I' @880  32857 (8059)
 - public static final 'GL_RGBA12' 'I' @884  32858 (805a)
 - public static final 'GL_RGBA16' 'I' @888  32859 (805b)
 - public static final 'GL_TEXTURE_RED_SIZE' 'I' @892  32860 (805c)
 - public static final 'GL_TEXTURE_GREEN_SIZE' 'I' @896  32861 (805d)
 - public static final 'GL_TEXTURE_BLUE_SIZE' 'I' @900  32862 (805e)
 - public static final 'GL_TEXTURE_ALPHA_SIZE' 'I' @904  32863 (805f)
 - public static final 'GL_PROXY_TEXTURE_1D' 'I' @908  32867 (8063)
 - public static final 'GL_PROXY_TEXTURE_2D' 'I' @912  32868 (8064)
 - public static final 'GL_TEXTURE_BINDING_1D' 'I' @916  32872 (8068)
 - public static final 'GL_TEXTURE_BINDING_2D' 'I' @920  32873 (8069)
 - public static final 'GL_VERTEX_ARRAY' 'I' @924  32884 (8074)
R12=0x000001fd8a093c60 points into unknown readable memory: 0x0000000000000000 | 00 00 00 00 00 00 00 00
R13=0x0000000000001405 is an unknown value
R14=0x0000000000000020 is an unknown value
R15=0x0 is NULL


Registers:
RAX=0x0000000000000000, RBX=0x0000000000000000, RCX=0x0000000000000000, RDX=0x000001fd8a093c60
RSP=0x000000fc8a8ff360, RBP=0x000000000000004c, RSI=0x0000000000000008, RDI=0x000001fdfe58f080
R8 =0x0000000000000008, R9 =0x000001fd8a093c40, R10=0x000001fd8a093c58, R11=0x000000062078bc98
R12=0x000001fd8a093c60, R13=0x0000000000001405, R14=0x0000000000000020, R15=0x0000000000000000
RIP=0x00007ffe8ba5c2d0, EFLAGS=0x0000000000010202

Top of Stack: (sp=0x000000fc8a8ff360)
0x000000fc8a8ff360:   0000000000000110 000001fdfcd910a8
0x000000fc8a8ff370:   000000fc8a8ff480 00007ffeaee6e342
0x000000fc8a8ff380:   000000000017555d 000001fddecc7478
0x000000fc8a8ff390:   000001fdd522bbc0 000001fdd522bbc0
0x000000fc8a8ff3a0:   000001fdfcd910a8 000001fdd522bbc0
0x000000fc8a8ff3b0:   0000000000000000 0000000000000000
0x000000fc8a8ff3c0:   000001fdd522bbc0 000001fdfcd910a8
0x000000fc8a8ff3d0:   0000000000000000 000001fddeca94fe
0x000000fc8a8ff3e0:   0000000000000110 000001fddecad621
0x000000fc8a8ff3f0:   000000fc8a8ff480 000000fc8a8ff401
0x000000fc8a8ff400:   000000fc8a8ff4c0 000001fdfcd910a8
0x000000fc8a8ff410:   000001fd00001405 0000000000000000
0x000000fc8a8ff420:   3ff0000000000000 000001fdd522bbc0
0x000000fc8a8ff430:   000001fddecad2f6 000000fc8a8ff438
0x000000fc8a8ff440:   000001fdfcd910a8 000000fc8a8ff4c0
0x000000fc8a8ff450:   000001fdfcd9b708 0000000000000000 

Instructions: (pc=0x00007ffe8ba5c2d0)
0x00007ffe8ba5c1d0:   89 69 0c 4d 89 79 10 38 9c 24 98 00 00 00 0f 84
0x00007ffe8ba5c1e0:   15 01 00 00 4c 8b 57 40 41 8d 4f 0f 83 e1 f0 49
0x00007ffe8ba5c1f0:   83 c2 18 41 2b cf 0f 57 db d1 f9 49 8b c7 44 8b
0x00007ffe8ba5c200:   c6 66 0f 7f 5c 24 50 49 8d 52 04 03 ca 49 8d 52
0x00007ffe8ba5c210:   04 f7 d9 83 e1 0f 48 03 d1 4c 8b e2 41 f6 c7 0f
0x00007ffe8ba5c220:   74 1b 45 85 c0 74 16 8b 08 41 ff c8 66 89 0a 0b
0x00007ffe8ba5c230:   d9 48 83 c2 02 48 83 c0 04 a8 0f 75 e5 41 83 f8
0x00007ffe8ba5c240:   08 7e 71 66 0f 6f 25 55 fa 8d 01 41 8d 48 f7 66
0x00007ffe8ba5c250:   0f 6f 2d 59 fa 8d 01 c1 e9 03 ff c1 44 8b d9 f7
0x00007ffe8ba5c260:   d9 45 8d 04 c8 66 66 66 0f 1f 84 00 00 00 00 00
0x00007ffe8ba5c270:   f3 0f 6f 10 f3 0f 6f 48 10 66 0f 6f c2 66 0f eb
0x00007ffe8ba5c280:   c3 48 83 c0 20 66 0f 6f d8 66 0f eb d9 0f 18 00
0x00007ffe8ba5c290:   66 0f fe d4 66 0f fe cc 66 0f 6b d1 66 0f fd d5
0x00007ffe8ba5c2a0:   f3 0f 7f 12 48 83 c2 10 49 83 eb 01 75 c2 66 0f
0x00007ffe8ba5c2b0:   7f 5c 24 50 8b 4c 24 5c 0b 4c 24 58 0b 4c 24 54
0x00007ffe8ba5c2c0:   0b 4c 24 50 0b d9 45 85 c0 74 1a 0f 1f 44 00 00
0x00007ffe8ba5c2d0:   8b 08 0b d9 66 89 0a 48 8d 52 02 48 8d 40 04 41
0x00007ffe8ba5c2e0:   83 e8 01 75 eb 45 2b e2 45 89 22 f7 c3 00 00 ff
0x00007ffe8ba5c2f0:   ff 74 46 ff 87 ec ef 55 00 48 8b 5f 40 49 8b d7
0x00007ffe8ba5c300:   4d 63 c6 48 8d 4b 1c e8 64 15 9d 00 c7 43 18 04
0x00007ffe8ba5c310:   00 00 00 48 63 c5 48 83 e0 fc 48 01 47 40 48 8b
0x00007ffe8ba5c320:   47 40 48 3b 47 48 0f 82 40 fe ff ff 48 8b cf e8
0x00007ffe8ba5c330:   4c 6a 21 00 e9 33 fe ff ff 41 c7 41 0c 03 14 00
0x00007ffe8ba5c340:   00 41 8b 2a 48 8b 47 40 83 c5 03 8d 6c 75 00 83
0x00007ffe8ba5c350:   e5 fc 83 c5 18 8b cd c1 e1 0b 83 c9 06 89 08 8b
0x00007ffe8ba5c360:   87 ec ef 55 00 85 c0 74 aa ff c8 89 87 ec ef 55
0x00007ffe8ba5c370:   00 eb a0 48 8b 47 40 c7 00 06 c0 00 00 44 89 60
0x00007ffe8ba5c380:   04 89 70 08 44 89 68 0c 4c 89 78 10 48 83 47 40
0x00007ffe8ba5c390:   18 48 8b 47 40 48 3b 47 48 0f 82 dd fd ff ff 48
0x00007ffe8ba5c3a0:   8b cf e8 d9 69 21 00 e9 d0 fd ff ff c6 44 24 40
0x00007ffe8ba5c3b0:   00 33 db 89 5c 24 38 45 33 c9 4c 89 7c 24 30 45
0x00007ffe8ba5c3c0:   33 c0 44 89 6c 24 28 41 8b d4 48 8b cf 89 74 24 


Stack slot to memory mapping:
stack at sp + 0 slots: 0x0000000000000110 is an unknown value
stack at sp + 1 slots: {method} {0x000001fdfcd910b0} 'nglDrawElements' '(IIIJ)V' in 'org/lwjgl/opengl/GL11C'
stack at sp + 2 slots: 0x000000fc8a8ff480 is pointing into the stack for thread: 0x000001fdd522bbc0
stack at sp + 3 slots: 0x00007ffeaee6e342 jvm.dll
stack at sp + 4 slots: 0x000000000017555d is an unknown value
stack at sp + 5 slots: 0x000001fddecc7478 is at code_begin+4088 in 
[CodeBlob (0x000001fddecc6410)]
Framesize: 0
BufferBlob (0x000001fddecc6410) used for native signature handlers
stack at sp + 6 slots: 0x000001fdd522bbc0 is a thread
stack at sp + 7 slots: 0x000001fdd522bbc0 is a thread


---------------  P R O C E S S  ---------------

Threads class SMR info:
_java_thread_list=0x000001fdfd159bf0, length=13, elements={
0x000001fdd522bbc0, 0x000001fdfc594370, 0x000001fdfc5951e0, 0x000001fdfc5a9f50,
0x000001fdfc5abb10, 0x000001fdfc5ae9d0, 0x000001fdfd002480, 0x000001fdfd00e670,
0x000001fdfd03f8e0, 0x000001fdfd04a2d0, 0x000001fdfd140400, 0x000001fdfd157f40,
0x000001fdfd15d1f0
}

Java Threads: ( => current thread )
=>0x000001fdd522bbc0 JavaThread "main" [_thread_in_native, id=12644, stack(0x000000fc8a800000,0x000000fc8a900000)]
  0x000001fdfc594370 JavaThread "Reference Handler" daemon [_thread_blocked, id=1940, stack(0x000000fc8af00000,0x000000fc8b000000)]
  0x000001fdfc5951e0 JavaThread "Finalizer" daemon [_thread_blocked, id=17108, stack(0x000000fc8b000000,0x000000fc8b100000)]
  0x000001fdfc5a9f50 JavaThread "Signal Dispatcher" daemon [_thread_blocked, id=17020, stack(0x000000fc8b100000,0x000000fc8b200000)]
  0x000001fdfc5abb10 JavaThread "Attach Listener" daemon [_thread_blocked, id=4004, stack(0x000000fc8b200000,0x000000fc8b300000)]
  0x000001fdfc5ae9d0 JavaThread "Service Thread" daemon [_thread_blocked, id=21712, stack(0x000000fc8b300000,0x000000fc8b400000)]
  0x000001fdfd002480 JavaThread "Monitor Deflation Thread" daemon [_thread_blocked, id=16784, stack(0x000000fc8b400000,0x000000fc8b500000)]
  0x000001fdfd00e670 JavaThread "C2 CompilerThread0" daemon [_thread_blocked, id=23336, stack(0x000000fc8b500000,0x000000fc8b600000)]
  0x000001fdfd03f8e0 JavaThread "C1 CompilerThread0" daemon [_thread_blocked, id=23132, stack(0x000000fc8b600000,0x000000fc8b700000)]
  0x000001fdfd04a2d0 JavaThread "Sweeper thread" daemon [_thread_blocked, id=14304, stack(0x000000fc8b700000,0x000000fc8b800000)]
  0x000001fdfd140400 JavaThread "C1 CompilerThread1" daemon [_thread_blocked, id=22024, stack(0x000000fc8b800000,0x000000fc8b900000)]
  0x000001fdfd157f40 JavaThread "Notification Thread" daemon [_thread_blocked, id=12272, stack(0x000000fc8b900000,0x000000fc8ba00000)]
  0x000001fdfd15d1f0 JavaThread "Common-Cleaner" daemon [_thread_blocked, id=7916, stack(0x000000fc8bb00000,0x000000fc8bc00000)]

Other Threads:
  0x000001fdfc58f770 VMThread "VM Thread" [stack: 0x000000fc8ae00000,0x000000fc8af00000] [id=23120]
  0x000001fdd752e5e0 WatcherThread [stack: 0x000000fc8ba00000,0x000000fc8bb00000] [id=20164]
  0x000001fdd7506be0 GCTaskThread "GC Thread#0" [stack: 0x000000fc8a900000,0x000000fc8aa00000] [id=5608]
  0x000001fdd7517ab0 ConcurrentGCThread "G1 Main Marker" [stack: 0x000000fc8aa00000,0x000000fc8ab00000] [id=24756]
  0x000001fdd7518c60 ConcurrentGCThread "G1 Conc#0" [stack: 0x000000fc8ab00000,0x000000fc8ac00000] [id=3552]
  0x000001fdd756e630 ConcurrentGCThread "G1 Refine#0" [stack: 0x000000fc8ac00000,0x000000fc8ad00000] [id=23000]
  0x000001fdfc44b690 ConcurrentGCThread "G1 Service" [stack: 0x000000fc8ad00000,0x000000fc8ae00000] [id=18996]

Threads with active compile tasks:

VM state: not at safepoint (normal execution)

VM Mutex/Monitor currently owned by a thread: None

Heap address: 0x0000000600c00000, size: 8180 MB, Compressed Oops mode: Zero based, Oop shift amount: 3

CDS archive(s) mapped at: [0x0000000800000000-0x0000000800bc0000-0x0000000800bc0000), size 12320768, SharedBaseAddress: 0x0000000800000000, ArchiveRelocationMode: 0.
Compressed class space mapped at: 0x0000000800c00000-0x0000000840c00000, reserved size: 1073741824
Narrow klass base: 0x0000000800000000, Narrow klass shift: 0, Narrow klass range: 0x100000000

GC Precious Log:
 CPUs: 16 total, 16 available
 Memory: 32718M
 Large Page Support: Disabled
 NUMA Support: Disabled
 Compressed Oops: Enabled (Zero based)
 Heap Region Size: 4M
 Heap Min Capacity: 8M
 Heap Initial Capacity: 512M
 Heap Max Capacity: 8180M
 Pre-touch: Disabled
 Parallel Workers: 13
 Concurrent Workers: 3
 Concurrent Refinement Workers: 13
 Periodic GC: Disabled

Heap:
 garbage-first heap   total 524288K, used 4096K [0x0000000600c00000, 0x0000000800000000)
  region size 4096K, 3 young (12288K), 0 survivors (0K)
 Metaspace       used 3495K, committed 3648K, reserved 1056768K
  class space    used 189K, committed 256K, reserved 1048576K

Heap Regions: E=young(eden), S=young(survivor), O=old, HS=humongous(starts), HC=humongous(continues), CS=collection set, F=free, OA=open archive, CA=closed archive, TAMS=top-at-mark-start (previous, next)
|   0|0x0000000600c00000, 0x0000000600c00000, 0x0000000601000000|  0%| F|  |TAMS 0x0000000600c00000, 0x0000000600c00000| Untracked 
|   1|0x0000000601000000, 0x0000000601000000, 0x0000000601400000|  0%| F|  |TAMS 0x0000000601000000, 0x0000000601000000| Untracked 
|   2|0x0000000601400000, 0x0000000601400000, 0x0000000601800000|  0%| F|  |TAMS 0x0000000601400000, 0x0000000601400000| Untracked 
|   3|0x0000000601800000, 0x0000000601800000, 0x0000000601c00000|  0%| F|  |TAMS 0x0000000601800000, 0x0000000601800000| Untracked 
|   4|0x0000000601c00000, 0x0000000601c00000, 0x0000000602000000|  0%| F|  |TAMS 0x0000000601c00000, 0x0000000601c00000| Untracked 
|   5|0x0000000602000000, 0x0000000602000000, 0x0000000602400000|  0%| F|  |TAMS 0x0000000602000000, 0x0000000602000000| Untracked 
|   6|0x0000000602400000, 0x0000000602400000, 0x0000000602800000|  0%| F|  |TAMS 0x0000000602400000, 0x0000000602400000| Untracked 
|   7|0x0000000602800000, 0x0000000602800000, 0x0000000602c00000|  0%| F|  |TAMS 0x0000000602800000, 0x0000000602800000| Untracked 
|   8|0x0000000602c00000, 0x0000000602c00000, 0x0000000603000000|  0%| F|  |TAMS 0x0000000602c00000, 0x0000000602c00000| Untracked 
|   9|0x0000000603000000, 0x0000000603000000, 0x0000000603400000|  0%| F|  |TAMS 0x0000000603000000, 0x0000000603000000| Untracked 
|  10|0x0000000603400000, 0x0000000603400000, 0x0000000603800000|  0%| F|  |TAMS 0x0000000603400000, 0x0000000603400000| Untracked 
|  11|0x0000000603800000, 0x0000000603800000, 0x0000000603c00000|  0%| F|  |TAMS 0x0000000603800000, 0x0000000603800000| Untracked 
|  12|0x0000000603c00000, 0x0000000603c00000, 0x0000000604000000|  0%| F|  |TAMS 0x0000000603c00000, 0x0000000603c00000| Untracked 
|  13|0x0000000604000000, 0x0000000604000000, 0x0000000604400000|  0%| F|  |TAMS 0x0000000604000000, 0x0000000604000000| Untracked 
|  14|0x0000000604400000, 0x0000000604400000, 0x0000000604800000|  0%| F|  |TAMS 0x0000000604400000, 0x0000000604400000| Untracked 
|  15|0x0000000604800000, 0x0000000604800000, 0x0000000604c00000|  0%| F|  |TAMS 0x0000000604800000, 0x0000000604800000| Untracked 
|  16|0x0000000604c00000, 0x0000000604c00000, 0x0000000605000000|  0%| F|  |TAMS 0x0000000604c00000, 0x0000000604c00000| Untracked 
|  17|0x0000000605000000, 0x0000000605000000, 0x0000000605400000|  0%| F|  |TAMS 0x0000000605000000, 0x0000000605000000| Untracked 
|  18|0x0000000605400000, 0x0000000605400000, 0x0000000605800000|  0%| F|  |TAMS 0x0000000605400000, 0x0000000605400000| Untracked 
|  19|0x0000000605800000, 0x0000000605800000, 0x0000000605c00000|  0%| F|  |TAMS 0x0000000605800000, 0x0000000605800000| Untracked 
|  20|0x0000000605c00000, 0x0000000605c00000, 0x0000000606000000|  0%| F|  |TAMS 0x0000000605c00000, 0x0000000605c00000| Untracked 
|  21|0x0000000606000000, 0x0000000606000000, 0x0000000606400000|  0%| F|  |TAMS 0x0000000606000000, 0x0000000606000000| Untracked 
|  22|0x0000000606400000, 0x0000000606400000, 0x0000000606800000|  0%| F|  |TAMS 0x0000000606400000, 0x0000000606400000| Untracked 
|  23|0x0000000606800000, 0x0000000606800000, 0x0000000606c00000|  0%| F|  |TAMS 0x0000000606800000, 0x0000000606800000| Untracked 
|  24|0x0000000606c00000, 0x0000000606c00000, 0x0000000607000000|  0%| F|  |TAMS 0x0000000606c00000, 0x0000000606c00000| Untracked 
|  25|0x0000000607000000, 0x0000000607000000, 0x0000000607400000|  0%| F|  |TAMS 0x0000000607000000, 0x0000000607000000| Untracked 
|  26|0x0000000607400000, 0x0000000607400000, 0x0000000607800000|  0%| F|  |TAMS 0x0000000607400000, 0x0000000607400000| Untracked 
|  27|0x0000000607800000, 0x0000000607800000, 0x0000000607c00000|  0%| F|  |TAMS 0x0000000607800000, 0x0000000607800000| Untracked 
|  28|0x0000000607c00000, 0x0000000607c00000, 0x0000000608000000|  0%| F|  |TAMS 0x0000000607c00000, 0x0000000607c00000| Untracked 
|  29|0x0000000608000000, 0x0000000608000000, 0x0000000608400000|  0%| F|  |TAMS 0x0000000608000000, 0x0000000608000000| Untracked 
|  30|0x0000000608400000, 0x0000000608400000, 0x0000000608800000|  0%| F|  |TAMS 0x0000000608400000, 0x0000000608400000| Untracked 
|  31|0x0000000608800000, 0x0000000608800000, 0x0000000608c00000|  0%| F|  |TAMS 0x0000000608800000, 0x0000000608800000| Untracked 
|  32|0x0000000608c00000, 0x0000000608c00000, 0x0000000609000000|  0%| F|  |TAMS 0x0000000608c00000, 0x0000000608c00000| Untracked 
|  33|0x0000000609000000, 0x0000000609000000, 0x0000000609400000|  0%| F|  |TAMS 0x0000000609000000, 0x0000000609000000| Untracked 
|  34|0x0000000609400000, 0x0000000609400000, 0x0000000609800000|  0%| F|  |TAMS 0x0000000609400000, 0x0000000609400000| Untracked 
|  35|0x0000000609800000, 0x0000000609800000, 0x0000000609c00000|  0%| F|  |TAMS 0x0000000609800000, 0x0000000609800000| Untracked 
|  36|0x0000000609c00000, 0x0000000609c00000, 0x000000060a000000|  0%| F|  |TAMS 0x0000000609c00000, 0x0000000609c00000| Untracked 
|  37|0x000000060a000000, 0x000000060a000000, 0x000000060a400000|  0%| F|  |TAMS 0x000000060a000000, 0x000000060a000000| Untracked 
|  38|0x000000060a400000, 0x000000060a400000, 0x000000060a800000|  0%| F|  |TAMS 0x000000060a400000, 0x000000060a400000| Untracked 
|  39|0x000000060a800000, 0x000000060a800000, 0x000000060ac00000|  0%| F|  |TAMS 0x000000060a800000, 0x000000060a800000| Untracked 
|  40|0x000000060ac00000, 0x000000060ac00000, 0x000000060b000000|  0%| F|  |TAMS 0x000000060ac00000, 0x000000060ac00000| Untracked 
|  41|0x000000060b000000, 0x000000060b000000, 0x000000060b400000|  0%| F|  |TAMS 0x000000060b000000, 0x000000060b000000| Untracked 
|  42|0x000000060b400000, 0x000000060b400000, 0x000000060b800000|  0%| F|  |TAMS 0x000000060b400000, 0x000000060b400000| Untracked 
|  43|0x000000060b800000, 0x000000060b800000, 0x000000060bc00000|  0%| F|  |TAMS 0x000000060b800000, 0x000000060b800000| Untracked 
|  44|0x000000060bc00000, 0x000000060bc00000, 0x000000060c000000|  0%| F|  |TAMS 0x000000060bc00000, 0x000000060bc00000| Untracked 
|  45|0x000000060c000000, 0x000000060c000000, 0x000000060c400000|  0%| F|  |TAMS 0x000000060c000000, 0x000000060c000000| Untracked 
|  46|0x000000060c400000, 0x000000060c400000, 0x000000060c800000|  0%| F|  |TAMS 0x000000060c400000, 0x000000060c400000| Untracked 
|  47|0x000000060c800000, 0x000000060c800000, 0x000000060cc00000|  0%| F|  |TAMS 0x000000060c800000, 0x000000060c800000| Untracked 
|  48|0x000000060cc00000, 0x000000060cc00000, 0x000000060d000000|  0%| F|  |TAMS 0x000000060cc00000, 0x000000060cc00000| Untracked 
|  49|0x000000060d000000, 0x000000060d000000, 0x000000060d400000|  0%| F|  |TAMS 0x000000060d000000, 0x000000060d000000| Untracked 
|  50|0x000000060d400000, 0x000000060d400000, 0x000000060d800000|  0%| F|  |TAMS 0x000000060d400000, 0x000000060d400000| Untracked 
|  51|0x000000060d800000, 0x000000060d800000, 0x000000060dc00000|  0%| F|  |TAMS 0x000000060d800000, 0x000000060d800000| Untracked 
|  52|0x000000060dc00000, 0x000000060dc00000, 0x000000060e000000|  0%| F|  |TAMS 0x000000060dc00000, 0x000000060dc00000| Untracked 
|  53|0x000000060e000000, 0x000000060e000000, 0x000000060e400000|  0%| F|  |TAMS 0x000000060e000000, 0x000000060e000000| Untracked 
|  54|0x000000060e400000, 0x000000060e400000, 0x000000060e800000|  0%| F|  |TAMS 0x000000060e400000, 0x000000060e400000| Untracked 
|  55|0x000000060e800000, 0x000000060e800000, 0x000000060ec00000|  0%| F|  |TAMS 0x000000060e800000, 0x000000060e800000| Untracked 
|  56|0x000000060ec00000, 0x000000060ec00000, 0x000000060f000000|  0%| F|  |TAMS 0x000000060ec00000, 0x000000060ec00000| Untracked 
|  57|0x000000060f000000, 0x000000060f000000, 0x000000060f400000|  0%| F|  |TAMS 0x000000060f000000, 0x000000060f000000| Untracked 
|  58|0x000000060f400000, 0x000000060f400000, 0x000000060f800000|  0%| F|  |TAMS 0x000000060f400000, 0x000000060f400000| Untracked 
|  59|0x000000060f800000, 0x000000060f800000, 0x000000060fc00000|  0%| F|  |TAMS 0x000000060f800000, 0x000000060f800000| Untracked 
|  60|0x000000060fc00000, 0x000000060fc00000, 0x0000000610000000|  0%| F|  |TAMS 0x000000060fc00000, 0x000000060fc00000| Untracked 
|  61|0x0000000610000000, 0x0000000610000000, 0x0000000610400000|  0%| F|  |TAMS 0x0000000610000000, 0x0000000610000000| Untracked 
|  62|0x0000000610400000, 0x0000000610400000, 0x0000000610800000|  0%| F|  |TAMS 0x0000000610400000, 0x0000000610400000| Untracked 
|  63|0x0000000610800000, 0x0000000610800000, 0x0000000610c00000|  0%| F|  |TAMS 0x0000000610800000, 0x0000000610800000| Untracked 
|  64|0x0000000610c00000, 0x0000000610c00000, 0x0000000611000000|  0%| F|  |TAMS 0x0000000610c00000, 0x0000000610c00000| Untracked 
|  65|0x0000000611000000, 0x0000000611000000, 0x0000000611400000|  0%| F|  |TAMS 0x0000000611000000, 0x0000000611000000| Untracked 
|  66|0x0000000611400000, 0x0000000611400000, 0x0000000611800000|  0%| F|  |TAMS 0x0000000611400000, 0x0000000611400000| Untracked 
|  67|0x0000000611800000, 0x0000000611800000, 0x0000000611c00000|  0%| F|  |TAMS 0x0000000611800000, 0x0000000611800000| Untracked 
|  68|0x0000000611c00000, 0x0000000611c00000, 0x0000000612000000|  0%| F|  |TAMS 0x0000000611c00000, 0x0000000611c00000| Untracked 
|  69|0x0000000612000000, 0x0000000612000000, 0x0000000612400000|  0%| F|  |TAMS 0x0000000612000000, 0x0000000612000000| Untracked 
|  70|0x0000000612400000, 0x0000000612400000, 0x0000000612800000|  0%| F|  |TAMS 0x0000000612400000, 0x0000000612400000| Untracked 
|  71|0x0000000612800000, 0x0000000612800000, 0x0000000612c00000|  0%| F|  |TAMS 0x0000000612800000, 0x0000000612800000| Untracked 
|  72|0x0000000612c00000, 0x0000000612c00000, 0x0000000613000000|  0%| F|  |TAMS 0x0000000612c00000, 0x0000000612c00000| Untracked 
|  73|0x0000000613000000, 0x0000000613000000, 0x0000000613400000|  0%| F|  |TAMS 0x0000000613000000, 0x0000000613000000| Untracked 
|  74|0x0000000613400000, 0x0000000613400000, 0x0000000613800000|  0%| F|  |TAMS 0x0000000613400000, 0x0000000613400000| Untracked 
|  75|0x0000000613800000, 0x0000000613800000, 0x0000000613c00000|  0%| F|  |TAMS 0x0000000613800000, 0x0000000613800000| Untracked 
|  76|0x0000000613c00000, 0x0000000613c00000, 0x0000000614000000|  0%| F|  |TAMS 0x0000000613c00000, 0x0000000613c00000| Untracked 
|  77|0x0000000614000000, 0x0000000614000000, 0x0000000614400000|  0%| F|  |TAMS 0x0000000614000000, 0x0000000614000000| Untracked 
|  78|0x0000000614400000, 0x0000000614400000, 0x0000000614800000|  0%| F|  |TAMS 0x0000000614400000, 0x0000000614400000| Untracked 
|  79|0x0000000614800000, 0x0000000614800000, 0x0000000614c00000|  0%| F|  |TAMS 0x0000000614800000, 0x0000000614800000| Untracked 
|  80|0x0000000614c00000, 0x0000000614c00000, 0x0000000615000000|  0%| F|  |TAMS 0x0000000614c00000, 0x0000000614c00000| Untracked 
|  81|0x0000000615000000, 0x0000000615000000, 0x0000000615400000|  0%| F|  |TAMS 0x0000000615000000, 0x0000000615000000| Untracked 
|  82|0x0000000615400000, 0x0000000615400000, 0x0000000615800000|  0%| F|  |TAMS 0x0000000615400000, 0x0000000615400000| Untracked 
|  83|0x0000000615800000, 0x0000000615800000, 0x0000000615c00000|  0%| F|  |TAMS 0x0000000615800000, 0x0000000615800000| Untracked 
|  84|0x0000000615c00000, 0x0000000615c00000, 0x0000000616000000|  0%| F|  |TAMS 0x0000000615c00000, 0x0000000615c00000| Untracked 
|  85|0x0000000616000000, 0x0000000616000000, 0x0000000616400000|  0%| F|  |TAMS 0x0000000616000000, 0x0000000616000000| Untracked 
|  86|0x0000000616400000, 0x0000000616400000, 0x0000000616800000|  0%| F|  |TAMS 0x0000000616400000, 0x0000000616400000| Untracked 
|  87|0x0000000616800000, 0x0000000616800000, 0x0000000616c00000|  0%| F|  |TAMS 0x0000000616800000, 0x0000000616800000| Untracked 
|  88|0x0000000616c00000, 0x0000000616c00000, 0x0000000617000000|  0%| F|  |TAMS 0x0000000616c00000, 0x0000000616c00000| Untracked 
|  89|0x0000000617000000, 0x0000000617000000, 0x0000000617400000|  0%| F|  |TAMS 0x0000000617000000, 0x0000000617000000| Untracked 
|  90|0x0000000617400000, 0x0000000617400000, 0x0000000617800000|  0%| F|  |TAMS 0x0000000617400000, 0x0000000617400000| Untracked 
|  91|0x0000000617800000, 0x0000000617800000, 0x0000000617c00000|  0%| F|  |TAMS 0x0000000617800000, 0x0000000617800000| Untracked 
|  92|0x0000000617c00000, 0x0000000617c00000, 0x0000000618000000|  0%| F|  |TAMS 0x0000000617c00000, 0x0000000617c00000| Untracked 
|  93|0x0000000618000000, 0x0000000618000000, 0x0000000618400000|  0%| F|  |TAMS 0x0000000618000000, 0x0000000618000000| Untracked 
|  94|0x0000000618400000, 0x0000000618400000, 0x0000000618800000|  0%| F|  |TAMS 0x0000000618400000, 0x0000000618400000| Untracked 
|  95|0x0000000618800000, 0x0000000618800000, 0x0000000618c00000|  0%| F|  |TAMS 0x0000000618800000, 0x0000000618800000| Untracked 
|  96|0x0000000618c00000, 0x0000000618c00000, 0x0000000619000000|  0%| F|  |TAMS 0x0000000618c00000, 0x0000000618c00000| Untracked 
|  97|0x0000000619000000, 0x0000000619000000, 0x0000000619400000|  0%| F|  |TAMS 0x0000000619000000, 0x0000000619000000| Untracked 
|  98|0x0000000619400000, 0x0000000619400000, 0x0000000619800000|  0%| F|  |TAMS 0x0000000619400000, 0x0000000619400000| Untracked 
|  99|0x0000000619800000, 0x0000000619800000, 0x0000000619c00000|  0%| F|  |TAMS 0x0000000619800000, 0x0000000619800000| Untracked 
| 100|0x0000000619c00000, 0x0000000619c00000, 0x000000061a000000|  0%| F|  |TAMS 0x0000000619c00000, 0x0000000619c00000| Untracked 
| 101|0x000000061a000000, 0x000000061a000000, 0x000000061a400000|  0%| F|  |TAMS 0x000000061a000000, 0x000000061a000000| Untracked 
| 102|0x000000061a400000, 0x000000061a400000, 0x000000061a800000|  0%| F|  |TAMS 0x000000061a400000, 0x000000061a400000| Untracked 
| 103|0x000000061a800000, 0x000000061a800000, 0x000000061ac00000|  0%| F|  |TAMS 0x000000061a800000, 0x000000061a800000| Untracked 
| 104|0x000000061ac00000, 0x000000061ac00000, 0x000000061b000000|  0%| F|  |TAMS 0x000000061ac00000, 0x000000061ac00000| Untracked 
| 105|0x000000061b000000, 0x000000061b000000, 0x000000061b400000|  0%| F|  |TAMS 0x000000061b000000, 0x000000061b000000| Untracked 
| 106|0x000000061b400000, 0x000000061b400000, 0x000000061b800000|  0%| F|  |TAMS 0x000000061b400000, 0x000000061b400000| Untracked 
| 107|0x000000061b800000, 0x000000061b800000, 0x000000061bc00000|  0%| F|  |TAMS 0x000000061b800000, 0x000000061b800000| Untracked 
| 108|0x000000061bc00000, 0x000000061bc00000, 0x000000061c000000|  0%| F|  |TAMS 0x000000061bc00000, 0x000000061bc00000| Untracked 
| 109|0x000000061c000000, 0x000000061c000000, 0x000000061c400000|  0%| F|  |TAMS 0x000000061c000000, 0x000000061c000000| Untracked 
| 110|0x000000061c400000, 0x000000061c400000, 0x000000061c800000|  0%| F|  |TAMS 0x000000061c400000, 0x000000061c400000| Untracked 
| 111|0x000000061c800000, 0x000000061c800000, 0x000000061cc00000|  0%| F|  |TAMS 0x000000061c800000, 0x000000061c800000| Untracked 
| 112|0x000000061cc00000, 0x000000061cc00000, 0x000000061d000000|  0%| F|  |TAMS 0x000000061cc00000, 0x000000061cc00000| Untracked 
| 113|0x000000061d000000, 0x000000061d000000, 0x000000061d400000|  0%| F|  |TAMS 0x000000061d000000, 0x000000061d000000| Untracked 
| 114|0x000000061d400000, 0x000000061d400000, 0x000000061d800000|  0%| F|  |TAMS 0x000000061d400000, 0x000000061d400000| Untracked 
| 115|0x000000061d800000, 0x000000061d800000, 0x000000061dc00000|  0%| F|  |TAMS 0x000000061d800000, 0x000000061d800000| Untracked 
| 116|0x000000061dc00000, 0x000000061dc00000, 0x000000061e000000|  0%| F|  |TAMS 0x000000061dc00000, 0x000000061dc00000| Untracked 
| 117|0x000000061e000000, 0x000000061e000000, 0x000000061e400000|  0%| F|  |TAMS 0x000000061e000000, 0x000000061e000000| Untracked 
| 118|0x000000061e400000, 0x000000061e400000, 0x000000061e800000|  0%| F|  |TAMS 0x000000061e400000, 0x000000061e400000| Untracked 
| 119|0x000000061e800000, 0x000000061e800000, 0x000000061ec00000|  0%| F|  |TAMS 0x000000061e800000, 0x000000061e800000| Untracked 
| 120|0x000000061ec00000, 0x000000061ec00000, 0x000000061f000000|  0%| F|  |TAMS 0x000000061ec00000, 0x000000061ec00000| Untracked 
| 121|0x000000061f000000, 0x000000061f000000, 0x000000061f400000|  0%| F|  |TAMS 0x000000061f000000, 0x000000061f000000| Untracked 
| 122|0x000000061f400000, 0x000000061f400000, 0x000000061f800000|  0%| F|  |TAMS 0x000000061f400000, 0x000000061f400000| Untracked 
| 123|0x000000061f800000, 0x000000061f800000, 0x000000061fc00000|  0%| F|  |TAMS 0x000000061f800000, 0x000000061f800000| Untracked 
| 124|0x000000061fc00000, 0x000000061fc00000, 0x0000000620000000|  0%| F|  |TAMS 0x000000061fc00000, 0x000000061fc00000| Untracked 
| 125|0x0000000620000000, 0x0000000620111758, 0x0000000620400000| 26%| E|  |TAMS 0x0000000620000000, 0x0000000620000000| Complete 
| 126|0x0000000620400000, 0x0000000620800000, 0x0000000620800000|100%| E|  |TAMS 0x0000000620400000, 0x0000000620400000| Complete 
| 127|0x0000000620800000, 0x0000000620c00000, 0x0000000620c00000|100%| E|CS|TAMS 0x0000000620800000, 0x0000000620800000| Complete 

Card table byte_map: [0x000001fdef520000,0x000001fdf0520000] _byte_map_base: 0x000001fdec51a000

Marking Bits (Prev, Next): (CMBitMap*) 0x000001fdd75071f0, (CMBitMap*) 0x000001fdd7507230
 Prev Bits: [0x000001fdf1520000, 0x000001fdf94f0000)
 Next Bits: [0x000001fd80000000, 0x000001fd87fd0000)

Polling page: 0x000001fdd5120000

Metaspace:

Usage:
  Non-class:      3.23 MB used.
      Class:    189.89 KB used.
       Both:      3.41 MB used.

Virtual space:
  Non-class space:        8.00 MB reserved,       3.31 MB ( 41%) committed,  1 nodes.
      Class space:        1.00 GB reserved,     256.00 KB ( <1%) committed,  1 nodes.
             Both:        1.01 GB reserved,       3.56 MB ( <1%) committed. 

Chunk freelists:
   Non-Class:  2.00 MB
       Class:  3.64 MB
        Both:  5.64 MB

MaxMetaspaceSize: unlimited
CompressedClassSpaceSize: 1.00 GB
Initial GC threshold: 21.00 MB
Current GC threshold: 21.00 MB
CDS: on
MetaspaceReclaimPolicy: balanced
 - commit_granule_bytes: 65536.
 - commit_granule_words: 8192.
 - virtual_space_node_default_size: 1048576.
 - enlarge_chunks_in_place: 1.
 - new_chunks_are_fully_committed: 0.
 - uncommit_free_chunks: 1.
 - use_allocation_guard: 0.
 - handle_deallocations: 1.


Internal statistics:

num_allocs_failed_limit: 0.
num_arena_births: 68.
num_arena_deaths: 0.
num_vsnodes_births: 2.
num_vsnodes_deaths: 0.
num_space_committed: 55.
num_space_uncommitted: 0.
num_chunks_returned_to_freelist: 0.
num_chunks_taken_from_freelist: 163.
num_chunk_merges: 0.
num_chunk_splits: 105.
num_chunks_enlarged: 71.
num_purges: 0.
num_inconsistent_stats: 0.

CodeHeap 'non-profiled nmethods': size=119168Kb used=188Kb max_used=188Kb free=118979Kb
 bounds [0x000001fde6840000, 0x000001fde6ab0000, 0x000001fdedca0000]
CodeHeap 'profiled nmethods': size=119104Kb used=1107Kb max_used=1107Kb free=117996Kb
 bounds [0x000001fddf3f0000, 0x000001fddf660000, 0x000001fde6840000]
CodeHeap 'non-nmethods': size=7488Kb used=2096Kb max_used=2110Kb free=5391Kb
 bounds [0x000001fddeca0000, 0x000001fddef10000, 0x000001fddf3f0000]
 total_blobs=1612 nmethods=669 adapters=855
 compilation: enabled
              stopped_count=0, restarted_count=0
 full_count=0

Compilation events (20 events):
Event: 0.745 Thread 0x000001fdfd03f8e0  661       3       java.lang.String::checkIndex (48 bytes)
Event: 0.745 Thread 0x000001fdfd140400 nmethod 658 0x000001fddf500310 code [0x000001fddf5005c0, 0x000001fddf501358]
Event: 0.745 Thread 0x000001fdfd140400  662       3       java.lang.Character::codePointAt (51 bytes)
Event: 0.745 Thread 0x000001fdfd03f8e0 nmethod 661 0x000001fddf501890 code [0x000001fddf501ae0, 0x000001fddf502258]
Event: 0.745 Thread 0x000001fdfd03f8e0  663       3       java.nio.CharBuffer::charAt (16 bytes)
Event: 0.745 Thread 0x000001fdfd00e670 nmethod 659 0x000001fde686ec90 code [0x000001fde686ee20, 0x000001fde686ef38]
Event: 0.745 Thread 0x000001fdfd140400 nmethod 662 0x000001fddf502590 code [0x000001fddf502780, 0x000001fddf502e08]
Event: 0.745 Thread 0x000001fdfd140400  664       3       java.nio.Buffer::checkIndex (24 bytes)
Event: 0.746 Thread 0x000001fdfd03f8e0 nmethod 663 0x000001fddf502f90 code [0x000001fddf503160, 0x000001fddf5034f8]
Event: 0.746 Thread 0x000001fdfd140400 nmethod 664 0x000001fddf503690 code [0x000001fddf503840, 0x000001fddf503aa8]
Event: 0.746 Thread 0x000001fdfd03f8e0  665       3       java.nio.HeapCharBuffer::get (15 bytes)
Event: 0.746 Thread 0x000001fdfd140400  666       3       java.nio.HeapCharBuffer::ix (7 bytes)
Event: 0.746 Thread 0x000001fdfd140400 nmethod 666 0x000001fddf503b90 code [0x000001fddf503d20, 0x000001fddf503e38]
Event: 0.746 Thread 0x000001fdfd140400  667       3       java.lang.Character::isHighSurrogate (18 bytes)
Event: 0.746 Thread 0x000001fdfd140400 nmethod 667 0x000001fddf503f10 code [0x000001fddf5040a0, 0x000001fddf504238]
Event: 0.746 Thread 0x000001fdfd03f8e0 nmethod 665 0x000001fddf504310 code [0x000001fddf5044c0, 0x000001fddf5046b8]
Event: 0.746 Thread 0x000001fdfd140400  668       3       java.util.regex.Pattern$$Lambda$19/0x0000000800c465c0::is (5 bytes)
Event: 0.746 Thread 0x000001fdfd140400 nmethod 668 0x000001fddf504810 code [0x000001fddf5049a0, 0x000001fddf504b18]
Event: 0.746 Thread 0x000001fdfd03f8e0  669       3       java.util.ArrayDeque::inc (12 bytes)
Event: 0.746 Thread 0x000001fdfd03f8e0 nmethod 669 0x000001fddf504c10 code [0x000001fddf504da0, 0x000001fddf504ed8]

GC Heap History (0 events):
No events

Deoptimization events (20 events):
Event: 0.246 Thread 0x000001fdd522bbc0 DEOPT PACKING pc=0x000001fddf3f7d51 sp=0x000000fc8a8fb850
Event: 0.246 Thread 0x000001fdd522bbc0 DEOPT UNPACKING pc=0x000001fddecf2b43 sp=0x000000fc8a8facc8 mode 0
Event: 0.662 Thread 0x000001fdd522bbc0 DEOPT PACKING pc=0x000001fddf41ebe5 sp=0x000000fc8a8fdcd0
Event: 0.662 Thread 0x000001fdd522bbc0 DEOPT UNPACKING pc=0x000001fddecf2b43 sp=0x000000fc8a8fd120 mode 0
Event: 0.741 Thread 0x000001fdd522bbc0 Uncommon trap: trap_request=0xffffff45 fr.pc=0x000001fde686d5f4 relative=0x00000000000003d4
Event: 0.741 Thread 0x000001fdd522bbc0 Uncommon trap: reason=unstable_if action=reinterpret pc=0x000001fde686d5f4 method=java.lang.StringLatin1.newString([BII)Ljava/lang/String; @ 1 c2
Event: 0.741 Thread 0x000001fdd522bbc0 DEOPT PACKING pc=0x000001fde686d5f4 sp=0x000000fc8a8feeb0
Event: 0.741 Thread 0x000001fdd522bbc0 DEOPT UNPACKING pc=0x000001fddecf23a3 sp=0x000000fc8a8fee90 mode 2
Event: 0.741 Thread 0x000001fdd522bbc0 Uncommon trap: trap_request=0xffffff45 fr.pc=0x000001fde686b634 relative=0x00000000000004f4
Event: 0.741 Thread 0x000001fdd522bbc0 Uncommon trap: reason=unstable_if action=reinterpret pc=0x000001fde686b634 method=java.lang.AbstractStringBuilder.putStringAt(ILjava/lang/String;II)V @ 8 c2
Event: 0.741 Thread 0x000001fdd522bbc0 DEOPT PACKING pc=0x000001fde686b634 sp=0x000000fc8a8ff2c0
Event: 0.741 Thread 0x000001fdd522bbc0 DEOPT UNPACKING pc=0x000001fddecf23a3 sp=0x000000fc8a8ff148 mode 2
Event: 0.741 Thread 0x000001fdd522bbc0 Uncommon trap: trap_request=0xffffff45 fr.pc=0x000001fde686422c relative=0x00000000000004ec
Event: 0.741 Thread 0x000001fdd522bbc0 Uncommon trap: reason=unstable_if action=reinterpret pc=0x000001fde686422c method=java.lang.AbstractStringBuilder.putStringAt(ILjava/lang/String;II)V @ 8 c2
Event: 0.741 Thread 0x000001fdd522bbc0 DEOPT PACKING pc=0x000001fde686422c sp=0x000000fc8a8ff250
Event: 0.741 Thread 0x000001fdd522bbc0 DEOPT UNPACKING pc=0x000001fddecf23a3 sp=0x000000fc8a8ff140 mode 2
Event: 0.741 Thread 0x000001fdd522bbc0 Uncommon trap: trap_request=0xffffff45 fr.pc=0x000001fde6864a00 relative=0x0000000000000100
Event: 0.741 Thread 0x000001fdd522bbc0 Uncommon trap: reason=unstable_if action=reinterpret pc=0x000001fde6864a00 method=java.lang.String.getBytes([BIIBI)V @ 6 c2
Event: 0.741 Thread 0x000001fdd522bbc0 DEOPT PACKING pc=0x000001fde6864a00 sp=0x000000fc8a8ff0e0
Event: 0.741 Thread 0x000001fdd522bbc0 DEOPT UNPACKING pc=0x000001fddecf23a3 sp=0x000000fc8a8ff0a8 mode 2

Classes unloaded (0 events):
No events

Classes redefined (0 events):
No events

Internal exceptions (20 events):
Event: 0.184 Thread 0x000001fdd522bbc0 Exception <a 'java/lang/NoSuchMethodError'{0x0000000620b623f0}: 'java.lang.Object java.lang.invoke.DirectMethodHandle$Holder.invokeStaticInit(java.lang.Object)'> (0x0000000620b623f0) 
thrown [t:\workspace\open\src\hotspot\share\interpreter\linkResolver.cpp, line 766]
Event: 0.198 Thread 0x000001fdd522bbc0 Exception <a 'java/lang/NoSuchMethodError'{0x0000000620bb29e0}: 'void java.lang.invoke.DirectMethodHandle$Holder.invokeStatic(java.lang.Object, java.lang.Object)'> (0x0000000620bb29e0) 
thrown [t:\workspace\open\src\hotspot\share\interpreter\linkResolver.cpp, line 766]
Event: 0.199 Thread 0x000001fdd522bbc0 Exception <a 'java/lang/NoSuchMethodError'{0x0000000620bb8228}: 'void java.lang.invoke.DirectMethodHandle$Holder.invokeSpecial(java.lang.Object, java.lang.Object, java.lang.Object)'> (0x0000000620bb8228) 
thrown [t:\workspace\open\src\hotspot\share\interpreter\linkResolver.cpp, line 766]
Event: 0.202 Thread 0x000001fdd522bbc0 Exception <a 'java/lang/NoSuchMethodError'{0x0000000620bcb5b0}: 'java.lang.Object java.lang.invoke.DirectMethodHandle$Holder.invokeStatic(java.lang.Object, java.lang.Object, int)'> (0x0000000620bcb5b0) 
thrown [t:\workspace\open\src\hotspot\share\interpreter\linkResolver.cpp, line 766]
Event: 0.204 Thread 0x000001fdd522bbc0 Exception <a 'java/lang/NoSuchMethodError'{0x0000000620bd7320}: 'void java.lang.invoke.DelegatingMethodHandle$Holder.delegate(java.lang.Object, java.lang.Object, int, java.lang.Object)'> (0x0000000620bd7320) 
thrown [t:\workspace\open\src\hotspot\share\interpreter\linkResolver.cpp, line 766]
Event: 0.204 Thread 0x000001fdd522bbc0 Exception <a 'java/lang/NoSuchMethodError'{0x0000000620bdb7a8}: 'int java.lang.invoke.DirectMethodHandle$Holder.invokeSpecial(java.lang.Object, java.lang.Object, java.lang.Object)'> (0x0000000620bdb7a8) 
thrown [t:\workspace\open\src\hotspot\share\interpreter\linkResolver.cpp, line 766]
Event: 0.254 Thread 0x000001fdd522bbc0 Exception <a 'sun/nio/fs/WindowsException'{0x00000006204698d8}> (0x00000006204698d8) 
thrown [t:\workspace\open\src\hotspot\share\prims\jni.cpp, line 516]
Event: 0.254 Thread 0x000001fdd522bbc0 Exception <a 'sun/nio/fs/WindowsException'{0x0000000620469e30}> (0x0000000620469e30) 
thrown [t:\workspace\open\src\hotspot\share\prims\jni.cpp, line 516]
Event: 0.267 Thread 0x000001fdd522bbc0 Exception <a 'java/lang/NoSuchMethodError'{0x00000006204a1a18}: 'int java.lang.invoke.DirectMethodHandle$Holder.invokeStaticInit(java.lang.Object, java.lang.Object, int, long)'> (0x00000006204a1a18) 
thrown [t:\workspace\open\src\hotspot\share\interpreter\linkResolver.cpp, line 766]
Event: 0.268 Thread 0x000001fdd522bbc0 Exception <a 'java/lang/NoSuchMethodError'{0x00000006204a7418}: 'java.lang.Object java.lang.invoke.DirectMethodHandle$Holder.newInvokeSpecial(java.lang.Object, java.lang.Object, int)'> (0x00000006204a7418) 
thrown [t:\workspace\open\src\hotspot\share\interpreter\linkResolver.cpp, line 766]
Event: 0.271 Thread 0x000001fdd522bbc0 Exception <a 'java/lang/NoSuchMethodError'{0x00000006204b7718}: 'int java.lang.invoke.DirectMethodHandle$Holder.invokeStaticInit(java.lang.Object, java.lang.Object, long, long)'> (0x00000006204b7718) 
thrown [t:\workspace\open\src\hotspot\share\interpreter\linkResolver.cpp, line 766]
Event: 0.272 Thread 0x000001fdd522bbc0 Exception <a 'java/lang/NoSuchMethodError'{0x00000006204bd828}: 'java.lang.Object java.lang.invoke.DirectMethodHandle$Holder.newInvokeSpecial(java.lang.Object, java.lang.Object, long)'> (0x00000006204bd828) 
thrown [t:\workspace\open\src\hotspot\share\interpreter\linkResolver.cpp, line 766]
Event: 0.272 Thread 0x000001fdd522bbc0 Exception <a 'java/lang/NoSuchMethodError'{0x00000006204c1870}: 'java.lang.Object java.lang.invoke.Invokers$Holder.linkToTargetMethod(java.lang.Object, long, java.lang.Object)'> (0x00000006204c1870) 
thrown [t:\workspace\open\src\hotspot\share\interpreter\linkResolver.cpp, line 766]
Event: 0.274 Thread 0x000001fdd522bbc0 Exception <a 'java/lang/NoSuchMethodError'{0x00000006204c8f88}: 'int java.lang.invoke.DirectMethodHandle$Holder.invokeStaticInit(java.lang.Object, java.lang.Object, java.lang.Object, long)'> (0x00000006204c8f88) 
thrown [t:\workspace\open\src\hotspot\share\interpreter\linkResolver.cpp, line 766]
Event: 0.306 Thread 0x000001fdd522bbc0 Exception <a 'sun/nio/fs/WindowsException'{0x0000000620589250}> (0x0000000620589250) 
thrown [t:\workspace\open\src\hotspot\share\prims\jni.cpp, line 516]
Event: 0.306 Thread 0x000001fdd522bbc0 Exception <a 'sun/nio/fs/WindowsException'{0x00000006205895c0}> (0x00000006205895c0) 
thrown [t:\workspace\open\src\hotspot\share\prims\jni.cpp, line 516]
Event: 0.654 Thread 0x000001fdd522bbc0 Exception <a 'sun/nio/fs/WindowsException'{0x00000006206274a0}> (0x00000006206274a0) 
thrown [t:\workspace\open\src\hotspot\share\prims\jni.cpp, line 516]
Event: 0.654 Thread 0x000001fdd522bbc0 Exception <a 'sun/nio/fs/WindowsException'{0x0000000620627850}> (0x0000000620627850) 
thrown [t:\workspace\open\src\hotspot\share\prims\jni.cpp, line 516]
Event: 0.658 Thread 0x000001fdd522bbc0 Exception <a 'sun/nio/fs/WindowsException'{0x000000062062f128}> (0x000000062062f128) 
thrown [t:\workspace\open\src\hotspot\share\prims\jni.cpp, line 516]
Event: 0.658 Thread 0x000001fdd522bbc0 Exception <a 'sun/nio/fs/WindowsException'{0x000000062062f410}> (0x000000062062f410) 
thrown [t:\workspace\open\src\hotspot\share\prims\jni.cpp, line 516]

VM Operations (6 events):
Event: 0.125 Executing VM operation: HandshakeAllThreads
Event: 0.125 Executing VM operation: HandshakeAllThreads done
Event: 0.225 Executing VM operation: HandshakeAllThreads
Event: 0.225 Executing VM operation: HandshakeAllThreads done
Event: 0.246 Executing VM operation: HandshakeAllThreads
Event: 0.246 Executing VM operation: HandshakeAllThreads done

Events (20 events):
Event: 0.314 loading class jdk/internal/reflect/UnsafeQualifiedStaticIntegerFieldAccessorImpl done
Event: 0.656 Loaded shared library C:\Users\Green\AppData\Local\Temp\lwjglGreen\3.3.0-build-21\lwjgl_opengl.dll
Event: 0.727 loading class sun/net/ProgressMonitor
Event: 0.727 loading class sun/net/ProgressMonitor done
Event: 0.727 loading class sun/net/DefaultProgressMeteringPolicy
Event: 0.727 loading class sun/net/ProgressMeteringPolicy
Event: 0.727 loading class sun/net/ProgressMeteringPolicy done
Event: 0.727 loading class sun/net/DefaultProgressMeteringPolicy done
Event: 0.727 loading class java/util/Scanner
Event: 0.728 loading class java/util/Scanner done
Event: 0.729 loading class java/util/Scanner$PatternLRUCache
Event: 0.729 loading class java/util/Scanner$PatternLRUCache done
Event: 0.732 loading class jdk/internal/module/ModulePatcher$PatchedModuleReader
Event: 0.732 loading class jdk/internal/module/ModulePatcher$PatchedModuleReader done
Event: 0.732 loading class sun/net/www/protocol/jrt/Handler
Event: 0.732 loading class sun/net/www/protocol/jrt/Handler done
Event: 0.736 loading class sun/text/resources/cldr/FormatData_en
Event: 0.736 loading class sun/text/resources/cldr/FormatData_en done
Event: 0.736 loading class sun/text/resources/cldr/FormatData_en_US
Event: 0.736 loading class sun/text/resources/cldr/FormatData_en_US done


Dynamic libraries:
0x00007ff656cf0000 - 0x00007ff656d00000 	C:\Program Files\Java\jdk-17.0.1\bin\java.exe
0x00007fff09cf0000 - 0x00007fff09ee5000 	C:\WINDOWS\SYSTEM32\ntdll.dll
0x00007fff091e0000 - 0x00007fff0929e000 	C:\WINDOWS\System32\KERNEL32.DLL
0x00007fff07580000 - 0x00007fff07848000 	C:\WINDOWS\System32\KERNELBASE.dll
0x00007fff07450000 - 0x00007fff07550000 	C:\WINDOWS\System32\ucrtbase.dll
0x00007ffef1d60000 - 0x00007ffef1d7a000 	C:\Program Files\Java\jdk-17.0.1\bin\VCRUNTIME140.dll
0x00007ffef2b70000 - 0x00007ffef2b88000 	C:\Program Files\Java\jdk-17.0.1\bin\jli.dll
0x00007fff096a0000 - 0x00007fff0974e000 	C:\WINDOWS\System32\ADVAPI32.dll
0x00007fff080e0000 - 0x00007fff0817e000 	C:\WINDOWS\System32\msvcrt.dll
0x00007fff08680000 - 0x00007fff0871c000 	C:\WINDOWS\System32\sechost.dll
0x00007fff092a0000 - 0x00007fff093c5000 	C:\WINDOWS\System32\RPCRT4.dll
0x00007fff07d30000 - 0x00007fff07ed1000 	C:\WINDOWS\System32\USER32.dll
0x00007ffef41a0000 - 0x00007ffef443a000 	C:\WINDOWS\WinSxS\amd64_microsoft.windows.common-controls_6595b64144ccf1df_6.0.19041.1110_none_60b5254171f9507e\COMCTL32.dll
0x00007fff07550000 - 0x00007fff07572000 	C:\WINDOWS\System32\win32u.dll
0x00007fff091b0000 - 0x00007fff091db000 	C:\WINDOWS\System32\GDI32.dll
0x00007fff07880000 - 0x00007fff0798d000 	C:\WINDOWS\System32\gdi32full.dll
0x00007fff07ad0000 - 0x00007fff07b6d000 	C:\WINDOWS\System32\msvcp_win.dll
0x00007fff00920000 - 0x00007fff0092a000 	C:\WINDOWS\SYSTEM32\VERSION.dll
0x00007fff07f60000 - 0x00007fff07f90000 	C:\WINDOWS\System32\IMM32.DLL
0x00007ffefcb70000 - 0x00007ffefcb7c000 	C:\Program Files\Java\jdk-17.0.1\bin\vcruntime140_1.dll
0x00007ffed82e0000 - 0x00007ffed836d000 	C:\Program Files\Java\jdk-17.0.1\bin\msvcp140.dll
0x00007ffeaeaf0000 - 0x00007ffeaf6ae000 	C:\Program Files\Java\jdk-17.0.1\bin\server\jvm.dll
0x00007fff08670000 - 0x00007fff08678000 	C:\WINDOWS\System32\PSAPI.DLL
0x00007ffef50a0000 - 0x00007ffef50a9000 	C:\WINDOWS\SYSTEM32\WSOCK32.dll
0x00007ffefde10000 - 0x00007ffefde37000 	C:\WINDOWS\SYSTEM32\WINMM.dll
0x00007fff08720000 - 0x00007fff0878b000 	C:\WINDOWS\System32\WS2_32.dll
0x00007fff05ca0000 - 0x00007fff05cb2000 	C:\WINDOWS\SYSTEM32\kernel.appcore.dll
0x00007ffef1d30000 - 0x00007ffef1d3a000 	C:\Program Files\Java\jdk-17.0.1\bin\jimage.dll
0x00007fff05180000 - 0x00007fff05364000 	C:\WINDOWS\SYSTEM32\DBGHELP.DLL
0x00007ffef1de0000 - 0x00007ffef1e0c000 	C:\WINDOWS\SYSTEM32\dbgcore.DLL
0x00007fff07a40000 - 0x00007fff07ac2000 	C:\WINDOWS\System32\bcryptPrimitives.dll
0x00007ffeeef10000 - 0x00007ffeeef35000 	C:\Program Files\Java\jdk-17.0.1\bin\java.dll
0x00007ffed8020000 - 0x00007ffed80f6000 	C:\Program Files\Java\jdk-17.0.1\bin\svml.dll
0x00007fff08a60000 - 0x00007fff091a4000 	C:\WINDOWS\System32\SHELL32.dll
0x00007fff05370000 - 0x00007fff05b05000 	C:\WINDOWS\SYSTEM32\windows.storage.dll
0x00007fff08310000 - 0x00007fff08665000 	C:\WINDOWS\System32\combase.dll
0x00007fff06e50000 - 0x00007fff06e7e000 	C:\WINDOWS\SYSTEM32\Wldp.dll
0x00007fff09560000 - 0x00007fff0960d000 	C:\WINDOWS\System32\SHCORE.dll
0x00007fff09500000 - 0x00007fff09555000 	C:\WINDOWS\System32\shlwapi.dll
0x00007fff07340000 - 0x00007fff0735f000 	C:\WINDOWS\SYSTEM32\profapi.dll
0x00007ffeeb0f0000 - 0x00007ffeeb109000 	C:\Program Files\Java\jdk-17.0.1\bin\net.dll
0x00007fff00030000 - 0x00007fff0013c000 	C:\WINDOWS\SYSTEM32\WINHTTP.dll
0x00007fff06bb0000 - 0x00007fff06c1a000 	C:\WINDOWS\system32\mswsock.dll
0x00007ffee1de0000 - 0x00007ffee1df5000 	C:\Program Files\Java\jdk-17.0.1\bin\nio.dll
0x00007ffee1dc0000 - 0x00007ffee1dd8000 	C:\Program Files\Java\jdk-17.0.1\bin\zip.dll
0x00007ffed2dd0000 - 0x00007ffed2e41000 	C:\Users\Green\AppData\Local\Temp\lwjglGreen\3.3.0-build-21\lwjgl.dll
0x00007ffed81b0000 - 0x00007ffed8211000 	C:\Users\Green\AppData\Local\Temp\lwjglGreen\3.3.0-build-21\glfw.dll
0x00007ffed8290000 - 0x00007ffed82d5000 	C:\WINDOWS\SYSTEM32\dinput8.dll
0x00007ffec1b40000 - 0x00007ffec1b51000 	C:\WINDOWS\SYSTEM32\xinput1_4.dll
0x00007fff07400000 - 0x00007fff0744e000 	C:\WINDOWS\System32\cfgmgr32.dll
0x00007fff071a0000 - 0x00007fff071d4000 	C:\WINDOWS\SYSTEM32\DEVOBJ.dll
0x00007fff04bf0000 - 0x00007fff04c1f000 	C:\WINDOWS\SYSTEM32\dwmapi.dll
0x00007ffefe400000 - 0x00007ffefe552000 	C:\WINDOWS\SYSTEM32\inputhost.dll
0x00007fff07fb0000 - 0x00007fff0807d000 	C:\WINDOWS\System32\OLEAUT32.dll
0x00007fff045d0000 - 0x00007fff046c2000 	C:\WINDOWS\SYSTEM32\CoreMessaging.dll
0x00007fff026e0000 - 0x00007fff027d6000 	C:\WINDOWS\SYSTEM32\PROPSYS.dll
0x00007fff02da0000 - 0x00007fff02ef4000 	C:\WINDOWS\SYSTEM32\wintypes.dll
0x00007fff03ef0000 - 0x00007fff0424e000 	C:\WINDOWS\SYSTEM32\CoreUIComponents.dll
0x00007fff060f0000 - 0x00007fff06123000 	C:\WINDOWS\SYSTEM32\ntmarta.dll
0x00007fff04960000 - 0x00007fff049fe000 	C:\WINDOWS\system32\uxtheme.dll
0x00007fff093e0000 - 0x00007fff094f5000 	C:\WINDOWS\System32\MSCTF.dll
0x00007ffed84f0000 - 0x00007ffed8615000 	C:\WINDOWS\SYSTEM32\opengl32.dll
0x00007ffef32a0000 - 0x00007ffef32cc000 	C:\WINDOWS\SYSTEM32\GLU32.dll
0x00007fff087a0000 - 0x00007fff08849000 	C:\WINDOWS\System32\clbcatq.dll
0x00007ffe8b1b0000 - 0x00007ffe8e16f000 	C:\WINDOWS\System32\DriverStore\FileRepository\nvmdi.inf_amd64_422d4a8d182d8330\nvoglv64.dll
0x00007fff09830000 - 0x00007fff09ca2000 	C:\WINDOWS\System32\SETUPAPI.dll
0x00007fff07850000 - 0x00007fff07877000 	C:\WINDOWS\System32\bcrypt.dll
0x00007fff081e0000 - 0x00007fff0830a000 	C:\WINDOWS\System32\ole32.dll
0x00007fff029b0000 - 0x00007fff029c4000 	C:\WINDOWS\SYSTEM32\WTSAPI32.dll
0x00007fff06da0000 - 0x00007fff06dac000 	C:\WINDOWS\SYSTEM32\CRYPTBASE.DLL
0x00007fff06fe0000 - 0x00007fff06ff2000 	C:\WINDOWS\SYSTEM32\msasn1.dll
0x00007fff008e0000 - 0x00007fff00911000 	C:\WINDOWS\SYSTEM32\cryptnet.dll
0x00007fff07b70000 - 0x00007fff07cc6000 	C:\WINDOWS\System32\CRYPT32.dll
0x00007ffefeb80000 - 0x00007ffefecca000 	C:\WINDOWS\SYSTEM32\drvstore.dll
0x00007fff07cd0000 - 0x00007fff07d30000 	C:\WINDOWS\System32\WINTRUST.dll
0x00007ffeff630000 - 0x00007ffeff66b000 	C:\WINDOWS\SYSTEM32\dxcore.dll
0x00007ffeb7440000 - 0x00007ffeb7705000 	C:\WINDOWS\system32\nvspcap64.dll
0x00007fff069c0000 - 0x00007fff06a0b000 	C:\WINDOWS\SYSTEM32\powrprof.dll
0x00007fff06830000 - 0x00007fff06842000 	C:\WINDOWS\SYSTEM32\UMPDC.dll
0x00007fff06160000 - 0x00007fff061ba000 	C:\WINDOWS\SYSTEM32\WINSTA.dll
0x00007ffefe560000 - 0x00007ffefe659000 	C:\WINDOWS\SYSTEM32\textinputframework.dll
0x00007ffed3bf0000 - 0x00007ffed3c4d000 	C:\Users\Green\AppData\Local\Temp\lwjglGreen\3.3.0-build-21\lwjgl_opengl.dll

dbghelp: loaded successfully - version: 4.0.5 - missing functions: none
symbol engine: initialized successfully - sym options: 0x614 - pdb path: .;C:\Program Files\Java\jdk-17.0.1\bin;C:\WINDOWS\SYSTEM32;C:\WINDOWS\WinSxS\amd64_microsoft.windows.common-controls_6595b64144ccf1df_6.0.19041.1110_none_60b5254171f9507e;C:\Program Files\Java\jdk-17.0.1\bin\server;C:\Users\Green\AppData\Local\Temp\lwjglGreen\3.3.0-build-21;C:\WINDOWS\System32\DriverStore\FileRepository\nvmdi.inf_amd64_422d4a8d182d8330

VM Arguments:
jvm_args: -Dfile.encoding=windows-1252 -Duser.country=US -Duser.language=en -Duser.variant 
java_command: core.Main
java_class_path (initial): W:\Programming\chess\build\classes\java\main;W:\Programming\chess\build\resources\main;C:\Users\Green\.gradle\caches\modules-2\files-2.1\org.lwjgl\lwjgl-assimp\3.3.0\82135e856184e76d38a97f729141298d3edcf0e4\lwjgl-assimp-3.3.0.jar;C:\Users\Green\.gradle\caches\modules-2\files-2.1\org.lwjgl\lwjgl-assimp\3.3.0\3256ea17d2f82e98a2e6464cb165a3af49ac5e36\lwjgl-assimp-3.3.0-natives-windows.jar;C:\Users\Green\.gradle\caches\modules-2\files-2.1\org.lwjgl\lwjgl-glfw\3.3.0\899e34f314525596f8fdb6476d3e56104da4601d\lwjgl-glfw-3.3.0.jar;C:\Users\Green\.gradle\caches\modules-2\files-2.1\org.lwjgl\lwjgl-glfw\3.3.0\b2d71cebdfecc512131879573e835211cb47b91f\lwjgl-glfw-3.3.0-natives-windows.jar;C:\Users\Green\.gradle\caches\modules-2\files-2.1\org.lwjgl\lwjgl-openal\3.3.0\902dd57b5a46e8a75ee843c2db61f80b4d130d48\lwjgl-openal-3.3.0.jar;C:\Users\Green\.gradle\caches\modules-2\files-2.1\org.lwjgl\lwjgl-openal\3.3.0\d6e59a987bd196b9a7ce161db41fe1727b0d88f\lwjgl-openal-3.3.0-natives-windows.jar;C:\Users\Green\.gradle\caches\modules-2\files-2.1\org.lwjgl\lwjgl-opengl\3.3.0\a1f395f7758a3abd5aff75fc8a20368ac371631e\lwjgl-opengl-3.3.0.jar;C:\Users\Green\.gradle\caches\modules-2\files-2.1\org.lwjgl\lwjgl-opengl\3.3.0\de52e197709c8d03cb386ed7b3b4ce8b96a339f3\lwjgl-opengl-3.3.0-natives-windows.jar;C:\Users\Green\.gradle\caches\modules-2\files-2.1\org.lwjgl\lwjgl-stb\3.3.0\69becce49e19671fccca33bfb273231055bd9fcf\lwjgl-stb-3.3.0.jar;C:\Users\Green\.gradle\caches\modules-2\files-2.1\org.lwjgl\lwjgl-stb\3.3.0\58994705dc03cca4da31ab850edfae51cfbff74c\lwjgl-stb-3.3.0-natives-windows.jar;C:\Users\Green\.gradle\caches\modules-2\files-2.1\org.lwjgl\lwjgl\3.3.0\77b0dc0b6a6c82fb47368e73d55e23fdcfcf49a1\lwjgl-3.3.0.jar;C:\Users\Green\.gradle\caches\modules-2\files-2.1\org.lwjgl\lwjgl\3.3.0\835e69d483be5ff5f2259ec7802855bd2ff46492\lwjgl-3.3.0-natives-windows.jar;C:\Users\Green\.gradle\caches\modules-2\files-2.1\org.joml\joml\1.10.3\492cd01b61c3b17bb7cabe943d85402e7a1a4c39\joml-1.10
Launcher Type: SUN_STANDARD

[Global flags]
     intx CICompilerCount                          = 12                                        {product} {ergonomic}
     uint ConcGCThreads                            = 3                                         {product} {ergonomic}
     uint G1ConcRefinementThreads                  = 13                                        {product} {ergonomic}
   size_t G1HeapRegionSize                         = 4194304                                   {product} {ergonomic}
    uintx GCDrainStackTargetSize                   = 64                                        {product} {ergonomic}
   size_t InitialHeapSize                          = 536870912                                 {product} {ergonomic}
   size_t MarkStackSize                            = 4194304                                   {product} {ergonomic}
   size_t MaxHeapSize                              = 8577351680                                {product} {ergonomic}
   size_t MaxNewSize                               = 5146411008                                {product} {ergonomic}
   size_t MinHeapDeltaBytes                        = 4194304                                   {product} {ergonomic}
   size_t MinHeapSize                              = 8388608                                   {product} {ergonomic}
    uintx NonNMethodCodeHeapSize                   = 7602480                                {pd product} {ergonomic}
    uintx NonProfiledCodeHeapSize                  = 122027880                              {pd product} {ergonomic}
    uintx ProfiledCodeHeapSize                     = 122027880                              {pd product} {ergonomic}
    uintx ReservedCodeCacheSize                    = 251658240                              {pd product} {ergonomic}
     bool SegmentedCodeCache                       = true                                      {product} {ergonomic}
   size_t SoftMaxHeapSize                          = 8577351680                             {manageable} {ergonomic}
     bool UseCompressedClassPointers               = true                           {product lp64_product} {ergonomic}
     bool UseCompressedOops                        = true                           {product lp64_product} {ergonomic}
     bool UseG1GC                                  = true                                      {product} {ergonomic}
     bool UseLargePagesIndividualAllocation        = false                                  {pd product} {ergonomic}

Logging:
Log output configuration:
 #0: stdout all=warning uptime,level,tags
 #1: stderr all=off uptime,level,tags

Environment Variables:
JAVA_HOME=C:\Program Files\Java\jdk-17.0.1
PATH=C:\Program Files\Java\jdk-17.0.1\bin;C:\Program Files\NVIDIA GPU Computing Toolkit\CUDA\v11.0\bin;C:\Program Files\NVIDIA GPU Computing Toolkit\CUDA\v11.0\libnvvp;C:\Windows\system32;C:\Windows;C:\Windows\System32\Wbem;C:\Windows\System32\WindowsPowerShell\v1.0\;C:\Program Files (x86)\NVIDIA Corporation\PhysX\Common;C:\WINDOWS\system32;C:\WINDOWS;C:\WINDOWS\System32\Wbem;C:\WINDOWS\System32\WindowsPowerShell\v1.0\;C:\WINDOWS\System32\OpenSSH\;C:\Program Files\NVIDIA Corporation\NVIDIA NvDLISR;C:\Program Files\NVIDIA Corporation\Nsight Compute 2020.1.2\;C:\WINDOWS\system32;C:\WINDOWS;C:\WINDOWS\System32\Wbem;C:\WINDOWS\System32\WindowsPowerShell\v1.0\;C:\WINDOWS\System32\OpenSSH\;D:\gradle\bin;C:\Program Files\CMake\bin;C:\ProgramData\chocolatey\bin;C:\Program Files (x86)\GNU Tools ARM Embedded\4.8 2013q4\bin;C:\Program Files\nodejs\;C:\Users\Green\AppData\Local\Programs\Python\Python39\Scripts;C:\Users\Green\AppData\Local\Packages\PythonSoftwareFoundation.Python.3.9_qbz5n2kfra8p0\LocalCache\local-packages\Python39\Scripts;C:\Program Files\dotnet\;C:\Program Files\Microsoft SQL Server\130\Tools\Binn\;C:\Program Files\Microsoft SQL Server\Client SDK\ODBC\170\Tools\Binn\;C:\Program Files\Git\cmd;C:\Users\Green\AppData\Local\Programs\Python\Python39\Scripts\;C:\Users\Green\AppData\Local\Programs\Python\Python39\;D:\compilers\MinGW\bin;C:\Users\Green\AppData\Local\Microsoft\WindowsApps;C:\Users\Green\AppData\Local\Programs\Microsoft VS Code\bin;C:\Users\Green\AppData\Roaming\npm;C:\Users\Green\.dotnet\tools
USERNAME=Green
OS=Windows_NT
PROCESSOR_IDENTIFIER=AMD64 Family 23 Model 1 Stepping 1, AuthenticAMD



---------------  S Y S T E M  ---------------

OS:
 Windows 10 , 64 bit Build 19041 (10.0.19041.1466)
OS uptime: 3 days 10:06 hours

CPU: total 16 (initial active 16) (16 cores per cpu, 2 threads per core) family 23 model 1 stepping 1 microcode 0x0, cx8, cmov, fxsr, ht, mmx, 3dnowpref, sse, sse2, sse3, ssse3, sse4a, sse4.1, sse4.2, popcnt, lzcnt, tsc, tscinvbit, avx, avx2, aes, clmul, bmi1, bmi2, adx, sha, fma, vzeroupper, clflush, clflushopt

Memory: 4k page, system-wide physical 32718M (18445M free)
TotalPageFile size 34766M (AvailPageFile size 11404M)
current process WorkingSet (physical memory assigned to process): 85M, peak: 85M
current process commit charge ("private bytes"): 675M, peak: 675M

vm_info: Java HotSpot(TM) 64-Bit Server VM (17.0.1+12-LTS-39) for windows-amd64 JRE (17.0.1+12-LTS-39), built on Sep 27 2021 18:41:35 by "mach5one" with MS VC++ 16.8 (VS2019)

END.
